<?xml version="1.0" encoding="UTF-8"?>
<!-- Generated by org.testng.reporters.JUnitReportReporter -->
<testsuite hostname="HARI-PC" name="com.send.SampleMavenWithJenkins.Test1" tests="1" failures="0" timestamp="3 Oct 2016 08:56:05 GMT" time="75.848" errors="0">
  <testcase name="f" time="75.848" classname="com.send.SampleMavenWithJenkins.Test1"/>
</testsuite> <!-- com.send.SampleMavenWithJenkins.Test1 -->
